Prueba de logging en test
Watching for file changes with StatReloader
Not Found: /
"GET / HTTP/1.1" 404 2474
Not Found: /favicon.ico
"GET /favicon.ico HTTP/1.1" 404 2525
"GET /admin/ HTTP/1.1" 302 0
"GET /admin/login/?next=/admin/ HTTP/1.1" 200 4160
"GET /static/admin/js/nav_sidebar.js HTTP/1.1" 200 3063
"GET /static/admin/js/theme.js HTTP/1.1" 200 1653
"GET /static/admin/css/dark_mode.css HTTP/1.1" 200 2804
"GET /static/admin/css/base.css HTTP/1.1" 200 22092
"GET /static/admin/css/nav_sidebar.css HTTP/1.1" 200 2810
"GET /static/admin/css/login.css HTTP/1.1" 200 951
"GET /static/admin/css/responsive.css HTTP/1.1" 200 17972
Not Found: /favicon.ico
Not Found: /api/instagram-posts/jhonnysoy1
"GET /api/instagram-posts/jhonnysoy1 HTTP/1.1" 404 2720
Watching for file changes with StatReloader
Not Found: /api/instagram-posts/jhonnysoy1/
"GET /api/instagram-posts/jhonnysoy1/ HTTP/1.1" 404 2723
/home/jonathan/Documents/PROYECTOS/Scraping1/backend/instagram_posts/urls.py changed, reloading.
Watching for file changes with StatReloader
/home/jonathan/Documents/PROYECTOS/Scraping1/backend/backend/settings.py changed, reloading.
Watching for file changes with StatReloader
/home/jonathan/Documents/PROYECTOS/Scraping1/backend/instagram_posts/urls.py changed, reloading.
Watching for file changes with StatReloader
/home/jonathan/Documents/PROYECTOS/Scraping1/backend/instagram_posts/urls.py changed, reloading.
Watching for file changes with StatReloader
/home/jonathan/Documents/PROYECTOS/Scraping1/backend/instagram_posts/views.py changed, reloading.
Watching for file changes with StatReloader
/home/jonathan/Documents/PROYECTOS/Scraping1/backend/instagram_posts/views.py changed, reloading.
Watching for file changes with StatReloader
/home/jonathan/Documents/PROYECTOS/Scraping1/backend/instagram_posts/views.py changed, reloading.
Watching for file changes with StatReloader
/home/jonathan/Documents/PROYECTOS/Scraping1/backend/instagram_posts/views.py changed, reloading.
Watching for file changes with StatReloader
/home/jonathan/Documents/PROYECTOS/Scraping1/backend/instagram_posts/views.py changed, reloading.
Watching for file changes with StatReloader
/home/jonathan/Documents/PROYECTOS/Scraping1/backend/instagram_posts/views.py changed, reloading.
Watching for file changes with StatReloader
/home/jonathan/Documents/PROYECTOS/Scraping1/backend/instagram_posts/views.py changed, reloading.
Watching for file changes with StatReloader
/home/jonathan/Documents/PROYECTOS/Scraping1/backend/instagram_posts/views.py changed, reloading.
Watching for file changes with StatReloader
/home/jonathan/Documents/PROYECTOS/Scraping1/backend/instagram_posts/views.py changed, reloading.
Watching for file changes with StatReloader
/home/jonathan/Documents/PROYECTOS/Scraping1/backend/instagram_posts/views.py changed, reloading.
Watching for file changes with StatReloader
/home/jonathan/Documents/PROYECTOS/Scraping1/backend/instagram_posts/views.py changed, reloading.
Watching for file changes with StatReloader
/home/jonathan/Documents/PROYECTOS/Scraping1/backend/instagram_posts/views.py changed, reloading.
Watching for file changes with StatReloader
/home/jonathan/Documents/PROYECTOS/Scraping1/backend/instagram_posts/views.py changed, reloading.
Watching for file changes with StatReloader
Not Found: /api/instagram-posts/jhonnysoy1/
"GET /api/instagram-posts/jhonnysoy1/ HTTP/1.1" 404 2733
/home/jonathan/Documents/PROYECTOS/Scraping1/backend/backend/urls.py changed, reloading.
Watching for file changes with StatReloader
/home/jonathan/Documents/PROYECTOS/Scraping1/backend/backend/urls.py changed, reloading.
Watching for file changes with StatReloader
/home/jonathan/Documents/PROYECTOS/Scraping1/backend/instagram_posts/urls.py changed, reloading.
Watching for file changes with StatReloader
/home/jonathan/Documents/PROYECTOS/Scraping1/backend/instagram_posts/urls.py changed, reloading.
Watching for file changes with StatReloader
/home/jonathan/Documents/PROYECTOS/Scraping1/backend/instagram_posts/urls.py changed, reloading.
Watching for file changes with StatReloader
Watching for file changes with StatReloader
"GET /api/instagram-posts/jhonnysoy1/ HTTP/1.1" 200 1333
/home/jonathan/Documents/PROYECTOS/Scraping1/backend/backend/settings.py changed, reloading.
Watching for file changes with StatReloader
/home/jonathan/Documents/PROYECTOS/Scraping1/backend/backend/settings.py changed, reloading.
Watching for file changes with StatReloader
/home/jonathan/Documents/PROYECTOS/Scraping1/backend/instagram_posts/models.py changed, reloading.
Watching for file changes with StatReloader
/home/jonathan/Documents/PROYECTOS/Scraping1/backend/instagram_posts/models.py changed, reloading.
Watching for file changes with StatReloader
/home/jonathan/Documents/PROYECTOS/Scraping1/backend/instagram_posts/models.py changed, reloading.
Watching for file changes with StatReloader
Watching for file changes with StatReloader
Watching for file changes with StatReloader
/home/jonathan/Documents/PROYECTOS/Scraping1/backend/backend/settings.py changed, reloading.
Watching for file changes with StatReloader
Not Found: /
"GET / HTTP/1.1" 404 2474
Not Found: /favicon.ico
"GET /favicon.ico HTTP/1.1" 404 2525
"GET /admin/ HTTP/1.1" 302 0
"GET /admin/login/?next=/admin/ HTTP/1.1" 200 4160
"GET /static/admin/js/theme.js HTTP/1.1" 200 1653
"GET /static/admin/css/login.css HTTP/1.1" 200 951
"GET /static/admin/css/dark_mode.css HTTP/1.1" 200 2804
"GET /static/admin/css/nav_sidebar.css HTTP/1.1" 200 2810
"GET /static/admin/js/nav_sidebar.js HTTP/1.1" 200 3063
"GET /static/admin/css/base.css HTTP/1.1" 200 22092
"GET /static/admin/css/responsive.css HTTP/1.1" 200 17972
Not Found: /favicon.ico
/home/jonathan/Documents/PROYECTOS/Scraping1/backend/instagram_posts/urls.py changed, reloading.
Watching for file changes with StatReloader
/home/jonathan/Documents/PROYECTOS/Scraping1/backend/instagram_posts/urls.py changed, reloading.
Watching for file changes with StatReloader
/home/jonathan/Documents/PROYECTOS/Scraping1/backend/instagram_posts/urls.py changed, reloading.
Watching for file changes with StatReloader
/home/jonathan/Documents/PROYECTOS/Scraping1/backend/instagram_posts/urls.py changed, reloading.
Watching for file changes with StatReloader
/home/jonathan/Documents/PROYECTOS/Scraping1/backend/instagram_posts/urls.py changed, reloading.
Watching for file changes with StatReloader
Watching for file changes with StatReloader
"POST /admin/login/?next=/admin/ HTTP/1.1" 302 0
"GET /admin/ HTTP/1.1" 200 5852
"GET /static/admin/js/nav_sidebar.js HTTP/1.1" 200 3063
"GET /static/admin/css/dashboard.css HTTP/1.1" 200 441
"GET /static/admin/img/icon-addlink.svg HTTP/1.1" 200 331
"GET /static/admin/img/icon-changelink.svg HTTP/1.1" 200 380
Not Found: /favicon.ico
"GET /admin/auth/user/add/ HTTP/1.1" 200 11765
"GET /static/admin/css/forms.css HTTP/1.1" 200 8710
"GET /admin/jsi18n/ HTTP/1.1" 200 3342
"GET /static/admin/js/actions.js HTTP/1.1" 200 8076
"GET /static/admin/js/jquery.init.js HTTP/1.1" 200 347
"GET /static/admin/js/core.js HTTP/1.1" 200 6208
"GET /static/admin/css/unusable_password_field.css HTTP/1.1" 200 663
"GET /static/admin/js/prepopulate.js HTTP/1.1" 200 1531
"GET /static/admin/js/urlify.js HTTP/1.1" 200 7887
"GET /static/admin/js/admin/RelatedObjectLookups.js HTTP/1.1" 200 9097
"GET /static/admin/js/change_form.js HTTP/1.1" 200 606
"GET /static/admin/css/widgets.css HTTP/1.1" 200 11564
"GET /static/admin/js/prepopulate_init.js HTTP/1.1" 200 586
"GET /static/admin/js/unusable_password_field.js HTTP/1.1" 200 1480
"GET /static/admin/js/vendor/jquery/jquery.js HTTP/1.1" 200 285314
"GET /static/admin/js/vendor/xregexp/xregexp.js HTTP/1.1" 200 325171
"GET /admin/ HTTP/1.1" 200 5852
Not Found: /favicon.ico
Internal Server Error: /api/instagram-posts/jhonnysoy1/
"GET /api/instagram-posts/jhonnysoy1/ HTTP/1.1" 500 50
/home/jonathan/Documents/PROYECTOS/Scraping1/backend/instagram_posts/urls.py changed, reloading.
Watching for file changes with StatReloader
/home/jonathan/Documents/PROYECTOS/Scraping1/backend/instagram_posts/urls.py changed, reloading.
Watching for file changes with StatReloader
/home/jonathan/Documents/PROYECTOS/Scraping1/backend/instagram_posts/urls.py changed, reloading.
Watching for file changes with StatReloader
/home/jonathan/Documents/PROYECTOS/Scraping1/backend/instagram_posts/urls.py changed, reloading.
Watching for file changes with StatReloader
/home/jonathan/Documents/PROYECTOS/Scraping1/backend/instagram_posts/urls.py changed, reloading.
Watching for file changes with StatReloader
/home/jonathan/Documents/PROYECTOS/Scraping1/backend/instagram_posts/urls.py changed, reloading.
Watching for file changes with StatReloader
/home/jonathan/Documents/PROYECTOS/Scraping1/backend/instagram_posts/urls.py changed, reloading.
Watching for file changes with StatReloader
/home/jonathan/Documents/PROYECTOS/Scraping1/backend/instagram_posts/urls.py changed, reloading.
Watching for file changes with StatReloader
/home/jonathan/Documents/PROYECTOS/Scraping1/backend/instagram_posts/urls.py changed, reloading.
Watching for file changes with StatReloader
/home/jonathan/Documents/PROYECTOS/Scraping1/backend/instagram_posts/urls.py changed, reloading.
Watching for file changes with StatReloader
/home/jonathan/Documents/PROYECTOS/Scraping1/backend/instagram_posts/urls.py changed, reloading.
Watching for file changes with StatReloader
/home/jonathan/Documents/PROYECTOS/Scraping1/backend/instagram_posts/urls.py changed, reloading.
Watching for file changes with StatReloader
/home/jonathan/Documents/PROYECTOS/Scraping1/backend/instagram_posts/urls.py changed, reloading.
Watching for file changes with StatReloader
/home/jonathan/Documents/PROYECTOS/Scraping1/backend/instagram_posts/urls.py changed, reloading.
Watching for file changes with StatReloader
/home/jonathan/Documents/PROYECTOS/Scraping1/backend/instagram_posts/urls.py changed, reloading.
Watching for file changes with StatReloader
/home/jonathan/Documents/PROYECTOS/Scraping1/backend/instagram_posts/urls.py changed, reloading.
Watching for file changes with StatReloader
/home/jonathan/Documents/PROYECTOS/Scraping1/backend/instagram_posts/urls.py changed, reloading.
Watching for file changes with StatReloader
/home/jonathan/Documents/PROYECTOS/Scraping1/backend/instagram_posts/urls.py changed, reloading.
Watching for file changes with StatReloader
/home/jonathan/Documents/PROYECTOS/Scraping1/backend/instagram_posts/urls.py changed, reloading.
Watching for file changes with StatReloader
/home/jonathan/Documents/PROYECTOS/Scraping1/backend/instagram_posts/urls.py changed, reloading.
Watching for file changes with StatReloader
/home/jonathan/Documents/PROYECTOS/Scraping1/backend/instagram_posts/urls.py changed, reloading.
Watching for file changes with StatReloader
/home/jonathan/Documents/PROYECTOS/Scraping1/backend/instagram_posts/urls.py changed, reloading.
Watching for file changes with StatReloader
/home/jonathan/Documents/PROYECTOS/Scraping1/backend/instagram_posts/urls.py changed, reloading.
Watching for file changes with StatReloader
/home/jonathan/Documents/PROYECTOS/Scraping1/backend/instagram_posts/urls.py changed, reloading.
Watching for file changes with StatReloader
/home/jonathan/Documents/PROYECTOS/Scraping1/backend/instagram_posts/urls.py changed, reloading.
Watching for file changes with StatReloader
/home/jonathan/Documents/PROYECTOS/Scraping1/backend/instagram_posts/urls.py changed, reloading.
Watching for file changes with StatReloader
/home/jonathan/Documents/PROYECTOS/Scraping1/backend/instagram_posts/urls.py changed, reloading.
Watching for file changes with StatReloader
/home/jonathan/Documents/PROYECTOS/Scraping1/backend/instagram_posts/urls.py changed, reloading.
Watching for file changes with StatReloader
/home/jonathan/Documents/PROYECTOS/Scraping1/backend/backend/urls.py changed, reloading.
Watching for file changes with StatReloader
/home/jonathan/Documents/PROYECTOS/Scraping1/backend/backend/urls.py changed, reloading.
Watching for file changes with StatReloader
/home/jonathan/Documents/PROYECTOS/Scraping1/backend/backend/urls.py changed, reloading.
Watching for file changes with StatReloader
/home/jonathan/Documents/PROYECTOS/Scraping1/backend/backend/urls.py changed, reloading.
Watching for file changes with StatReloader
/home/jonathan/Documents/PROYECTOS/Scraping1/backend/backend/urls.py changed, reloading.
Watching for file changes with StatReloader
Watching for file changes with StatReloader
/home/jonathan/Documents/PROYECTOS/Scraping1/backend/instagram_posts/urls.py changed, reloading.
Watching for file changes with StatReloader
"GET /api/user HTTP/1.1" 301 0
Internal Server Error: /api/user/
Traceback (most recent call last):
  File "/home/jonathan/Documents/PROYECTOS/Scraping1/venv/lib/python3.12/site-packages/django/core/handlers/exception.py", line 55, in inner
    response = get_response(request)
               ^^^^^^^^^^^^^^^^^^^^^
  File "/home/jonathan/Documents/PROYECTOS/Scraping1/venv/lib/python3.12/site-packages/django/core/handlers/base.py", line 197, in _get_response
    response = wrapped_callback(request, *callback_args, **callback_kwargs)
               ^^^^^^^^^^^^^^^^^^^^^^^^^^^^^^^^^^^^^^^^^^^^^^^^^^^^^^^^^^^^
TypeError: get_instagram_posts() missing 1 required positional argument: 'account'
"GET /api/user/ HTTP/1.1" 500 69941
Not Found: /favicon.ico
"GET /favicon.ico HTTP/1.1" 404 2525
Not Found: /user/
"GET /user/ HTTP/1.1" 404 2507
Not Found: /api/
"GET /api/ HTTP/1.1" 404 2913
Not Found: /favicon.ico
Internal Server Error: /api/user/
Traceback (most recent call last):
  File "/home/jonathan/Documents/PROYECTOS/Scraping1/venv/lib/python3.12/site-packages/django/core/handlers/exception.py", line 55, in inner
    response = get_response(request)
               ^^^^^^^^^^^^^^^^^^^^^
  File "/home/jonathan/Documents/PROYECTOS/Scraping1/venv/lib/python3.12/site-packages/django/core/handlers/base.py", line 197, in _get_response
    response = wrapped_callback(request, *callback_args, **callback_kwargs)
               ^^^^^^^^^^^^^^^^^^^^^^^^^^^^^^^^^^^^^^^^^^^^^^^^^^^^^^^^^^^^
TypeError: get_instagram_posts() missing 1 required positional argument: 'account'
"GET /api/user/ HTTP/1.1" 500 69941
Not Found: /favicon.ico
Not Found: /api/user/jhonnysoy1/
"GET /api/user/jhonnysoy1/ HTTP/1.1" 404 2961
Not Found: /api/
"GET /api/ HTTP/1.1" 404 2913
Not Found: /favicon.ico
"GET /favicon.ico HTTP/1.1" 404 2525
Internal Server Error: /api/instagram-posts/jhonnysoy1/
"GET /api/instagram-posts/jhonnysoy1/ HTTP/1.1" 500 50
Watching for file changes with StatReloader
Not Found: /
"GET / HTTP/1.1" 404 2486
Not Found: /favicon.ico
"GET /favicon.ico HTTP/1.1" 404 2537
Not Found: /instagram-posts/jhonnysoy1
"GET /instagram-posts/jhonnysoy1 HTTP/1.1" 404 2726
Not Found: /favicon.ico
